# do {alu_tb_compile.do}
# Model Technology ModelSim PE vmap 10.4c Lib Mapping Utility 2015.07 Jul 20 2015
# vmap xil_defaultlib msim/xil_defaultlib 
# Modifying modelsim.ini
# ** Warning: (vlog-159) Mode option -64 is not supported in this context and will be ignored.
# 
# Model Technology ModelSim PE vlog 10.4c Compiler 2015.07 Jul 20 2015
# Start time: 22:56:44 on Dec 04,2023
# vlog -64 -incr -work xil_defaultlib ../../../alu.srcs/sources_1/new/alu.v ../../../alu.srcs/sources_1/new/alu_tb.v 
# ** Warning: ../../../alu.srcs/sources_1/new/alu.v(62): (vlog-2600) [RDGN] - Redundant digits in numeric literal.
# 
# -- Compiling module alu
# -- Compiling module alu_tb
# 
# Top level modules:
# 	alu_tb
# End time: 22:56:44 on Dec 04,2023, Elapsed time: 0:00:00
# Errors: 0, Warnings: 2
# Model Technology ModelSim PE vlog 10.4c Compiler 2015.07 Jul 20 2015
# Start time: 22:56:44 on Dec 04,2023
# vlog -work xil_defaultlib glbl.v 
# -- Compiling module glbl
# 
# Top level modules:
# 	glbl
# End time: 22:56:44 on Dec 04,2023, Elapsed time: 0:00:00
# Errors: 0, Warnings: 0
