# do {Top_simulate.do}
# vsim -voptargs=""+acc"" -L unisims_ver -L unimacro_ver -L secureip -L xil_defaultlib -lib xil_defaultlib xil_defaultlib.Top xil_defaultlib.glbl 
# Start time: 00:23:04 on Jan 14,2024
# //  ModelSim PE 10.4c Jul 20 2015 
# //
# //  Copyright 1991-2015 Mentor Graphics Corporation
# //  All Rights Reserved.
# //
# //  THIS WORK CONTAINS TRADE SECRET AND PROPRIETARY INFORMATION
# //  WHICH IS THE PROPERTY OF MENTOR GRAPHICS CORPORATION OR ITS
# //  LICENSORS AND IS SUBJECT TO LICENSE TERMS.
# //  THIS DOCUMENT CONTAINS TRADE SECRETS AND COMMERCIAL OR FINANCIAL
# //  INFORMATION THAT ARE PRIVILEGED, CONFIDENTIAL, AND EXEMPT FROM
# //  DISCLOSURE UNDER THE FREEDOM OF INFORMATION ACT, 5 U.S.C. SECTION 552.
# //  FURTHERMORE, THIS INFORMATION IS PROHIBITED FROM DISCLOSURE UNDER
# //  THE TRADE SECRETS ACT, 18 U.S.C. SECTION 1905.
# //
# Loading xil_defaultlib.Top
# Loading xil_defaultlib.keyboard
# Loading xil_defaultlib.Divider
# Loading xil_defaultlib.Display
# Loading xil_defaultlib.LED
# Loading xil_defaultlib.Game
# Loading xil_defaultlib.Vga_display
# Loading xil_defaultlib.glbl
# ** Warning: (vsim-3015) ../../../complex_work.srcs/sources_1/new/top.v(51): [PCDPC] - Port size (1) does not match connection size (32) for port 'rst'. The port definition is at: ../../../complex_work.srcs/sources_1/new/keyboard.v(25).
#    Time: 0 ps  Iteration: 0  Instance: /Top/keyboard_inst File: ../../../complex_work.srcs/sources_1/new/keyboard.v
# ** Warning: (vsim-3015) ../../../complex_work.srcs/sources_1/new/top.v(51): [PCDPC] - Port size (8) does not match connection size (9) for port 'key_ascii'. The port definition is at: ../../../complex_work.srcs/sources_1/new/keyboard.v(28).
#    Time: 0 ps  Iteration: 0  Instance: /Top/keyboard_inst File: ../../../complex_work.srcs/sources_1/new/keyboard.v
# .main_pane.wave.interior.cs.body.pw.wf
# .main_pane.structure.interior.cs.body.struct
# .main_pane.objects.interior.cs.body.tree
# End time: 00:27:44 on Jan 14,2024, Elapsed time: 0:04:40
# Errors: 0, Warnings: 2
