# do {Regfiles_tb_compile.do}
# Model Technology ModelSim PE vmap 10.4c Lib Mapping Utility 2015.07 Jul 20 2015
# vmap xil_defaultlib msim/xil_defaultlib 
# Modifying modelsim.ini
# ** Warning: (vlog-159) Mode option -64 is not supported in this context and will be ignored.
# 
# Model Technology ModelSim PE vlog 10.4c Compiler 2015.07 Jul 20 2015
# Start time: 20:06:11 on Nov 27,2023
# vlog -64 -incr -work xil_defaultlib ../../../Regfiles.srcs/sources_1/new/Regfiles.v ../../../Regfiles.srcs/sources_1/new/Regfiles_tb.v 
# -- Compiling module Decoder5to32
# -- Compiling module Register32
# -- Compiling module Mux32to1
# -- Compiling module Regfiles
# -- Compiling module Regfiles_tb
# 
# Top level modules:
# 	Regfiles_tb
# End time: 20:06:11 on Nov 27,2023, Elapsed time: 0:00:00
# Errors: 0, Warnings: 1
# Model Technology ModelSim PE vlog 10.4c Compiler 2015.07 Jul 20 2015
# Start time: 20:06:11 on Nov 27,2023
# vlog -work xil_defaultlib glbl.v 
# -- Compiling module glbl
# 
# Top level modules:
# 	glbl
# End time: 20:06:11 on Nov 27,2023, Elapsed time: 0:00:00
# Errors: 0, Warnings: 0
